2024-11-05 16:06:48,677 - elsapy.elsclient - INFO - Module loaded.
2024-11-05 16:06:50,486 - elsapy.utils - INFO - Module loaded.
2024-11-05 16:06:50,486 - elsapy.elssearch - INFO - Module loaded.
2024-11-05 16:06:50,488 - elsapy.elsentity - INFO - Module loaded.
2024-11-05 16:06:50,488 - elsapy.elsprofile - INFO - Module loaded.
2024-11-05 16:06:50,489 - elsapy.elsdoc - INFO - Module loaded.
2024-11-05 16:07:30,079 - elsapy.elsclient - INFO - Module loaded.
2024-11-05 16:07:30,647 - elsapy.utils - INFO - Module loaded.
2024-11-05 16:07:30,647 - elsapy.elssearch - INFO - Module loaded.
2024-11-05 16:07:30,649 - elsapy.elsentity - INFO - Module loaded.
2024-11-05 16:07:30,649 - elsapy.elsprofile - INFO - Module loaded.
2024-11-05 16:07:30,650 - elsapy.elsdoc - INFO - Module loaded.
2024-11-05 16:09:39,486 - elsapy.elsclient - INFO - Module loaded.
2024-11-05 16:09:39,958 - elsapy.utils - INFO - Module loaded.
2024-11-05 16:09:39,958 - elsapy.elssearch - INFO - Module loaded.
2024-11-05 16:09:39,958 - elsapy.elsentity - INFO - Module loaded.
2024-11-05 16:09:39,958 - elsapy.elsprofile - INFO - Module loaded.
2024-11-05 16:09:39,959 - elsapy.elsdoc - INFO - Module loaded.
2024-11-05 16:09:43,001 - elsapy.elsclient - INFO - Module loaded.
2024-11-05 16:09:44,226 - elsapy.utils - INFO - Module loaded.
2024-11-05 16:09:44,227 - elsapy.elssearch - INFO - Module loaded.
2024-11-05 16:09:44,227 - elsapy.elsentity - INFO - Module loaded.
2024-11-05 16:09:44,228 - elsapy.elsprofile - INFO - Module loaded.
2024-11-05 16:09:44,229 - elsapy.elsdoc - INFO - Module loaded.
2024-11-05 16:39:57,577 - elsapy.elsclient - INFO - Module loaded.
2024-11-05 16:39:58,774 - elsapy.utils - INFO - Module loaded.
2024-11-05 16:39:58,774 - elsapy.elssearch - INFO - Module loaded.
2024-11-05 16:39:58,775 - elsapy.elsentity - INFO - Module loaded.
2024-11-05 16:39:58,775 - elsapy.elsprofile - INFO - Module loaded.
2024-11-05 16:39:58,776 - elsapy.elsdoc - INFO - Module loaded.
2024-11-05 16:40:01,259 - elsapy.elsclient - INFO - Module loaded.
2024-11-05 16:40:01,558 - elsapy.utils - INFO - Module loaded.
2024-11-05 16:40:01,559 - elsapy.elssearch - INFO - Module loaded.
2024-11-05 16:40:01,559 - elsapy.elsentity - INFO - Module loaded.
2024-11-05 16:40:01,559 - elsapy.elsprofile - INFO - Module loaded.
2024-11-05 16:40:01,560 - elsapy.elsdoc - INFO - Module loaded.
