2024-10-02 16:42:15,857 - elsapy.elsclient - INFO - Module loaded.
2024-10-02 16:42:17,369 - elsapy.utils - INFO - Module loaded.
2024-10-02 16:42:17,370 - elsapy.elssearch - INFO - Module loaded.
2024-10-02 16:42:17,373 - elsapy.elsentity - INFO - Module loaded.
2024-10-02 16:42:17,374 - elsapy.elsprofile - INFO - Module loaded.
2024-10-02 16:42:17,375 - elsapy.elsdoc - INFO - Module loaded.
2024-10-02 16:47:57,149 - elsapy.elsclient - INFO - Module loaded.
2024-10-02 16:47:58,327 - elsapy.utils - INFO - Module loaded.
2024-10-02 16:47:58,328 - elsapy.elssearch - INFO - Module loaded.
2024-10-02 16:47:58,330 - elsapy.elsentity - INFO - Module loaded.
2024-10-02 16:47:58,330 - elsapy.elsprofile - INFO - Module loaded.
2024-10-02 16:47:58,333 - elsapy.elsdoc - INFO - Module loaded.
2024-10-02 17:00:40,449 - elsapy.elsclient - INFO - Module loaded.
2024-10-02 17:00:42,850 - elsapy.utils - INFO - Module loaded.
2024-10-02 17:00:42,851 - elsapy.elssearch - INFO - Module loaded.
2024-10-02 17:00:42,853 - elsapy.elsentity - INFO - Module loaded.
2024-10-02 17:00:42,853 - elsapy.elsprofile - INFO - Module loaded.
2024-10-02 17:00:42,856 - elsapy.elsdoc - INFO - Module loaded.
2024-10-02 17:07:43,762 - elsapy.elsclient - INFO - Module loaded.
2024-10-02 17:07:46,249 - elsapy.utils - INFO - Module loaded.
2024-10-02 17:07:46,249 - elsapy.elssearch - INFO - Module loaded.
2024-10-02 17:07:46,251 - elsapy.elsentity - INFO - Module loaded.
2024-10-02 17:07:46,252 - elsapy.elsprofile - INFO - Module loaded.
2024-10-02 17:07:46,254 - elsapy.elsdoc - INFO - Module loaded.
2024-10-02 17:10:22,346 - elsapy.elsclient - INFO - Module loaded.
2024-10-02 17:10:24,638 - elsapy.utils - INFO - Module loaded.
2024-10-02 17:10:24,639 - elsapy.elssearch - INFO - Module loaded.
2024-10-02 17:10:24,642 - elsapy.elsentity - INFO - Module loaded.
2024-10-02 17:10:24,642 - elsapy.elsprofile - INFO - Module loaded.
2024-10-02 17:10:24,644 - elsapy.elsdoc - INFO - Module loaded.
2024-10-02 17:13:53,804 - elsapy.elsclient - INFO - Module loaded.
2024-10-02 17:13:56,923 - elsapy.utils - INFO - Module loaded.
2024-10-02 17:13:56,923 - elsapy.elssearch - INFO - Module loaded.
2024-10-02 17:13:56,926 - elsapy.elsentity - INFO - Module loaded.
2024-10-02 17:13:56,926 - elsapy.elsprofile - INFO - Module loaded.
2024-10-02 17:13:56,928 - elsapy.elsdoc - INFO - Module loaded.
2024-10-02 17:20:51,903 - elsapy.elsclient - INFO - Module loaded.
2024-10-02 17:20:53,691 - elsapy.utils - INFO - Module loaded.
2024-10-02 17:20:53,692 - elsapy.elssearch - INFO - Module loaded.
2024-10-02 17:20:53,694 - elsapy.elsentity - INFO - Module loaded.
2024-10-02 17:20:53,695 - elsapy.elsprofile - INFO - Module loaded.
2024-10-02 17:20:53,696 - elsapy.elsdoc - INFO - Module loaded.
2024-10-02 17:23:07,952 - elsapy.elsclient - INFO - Module loaded.
2024-10-02 17:23:09,437 - elsapy.utils - INFO - Module loaded.
2024-10-02 17:23:09,438 - elsapy.elssearch - INFO - Module loaded.
2024-10-02 17:23:09,439 - elsapy.elsentity - INFO - Module loaded.
2024-10-02 17:23:09,440 - elsapy.elsprofile - INFO - Module loaded.
2024-10-02 17:23:09,441 - elsapy.elsdoc - INFO - Module loaded.
2024-10-02 17:24:37,108 - elsapy.elsclient - INFO - Module loaded.
2024-10-02 17:24:39,000 - elsapy.utils - INFO - Module loaded.
2024-10-02 17:24:39,002 - elsapy.elssearch - INFO - Module loaded.
2024-10-02 17:24:39,007 - elsapy.elsentity - INFO - Module loaded.
2024-10-02 17:24:39,008 - elsapy.elsprofile - INFO - Module loaded.
2024-10-02 17:24:39,010 - elsapy.elsdoc - INFO - Module loaded.
2024-10-02 17:27:06,348 - elsapy.elsclient - INFO - Module loaded.
2024-10-02 17:27:07,943 - elsapy.utils - INFO - Module loaded.
2024-10-02 17:27:07,944 - elsapy.elssearch - INFO - Module loaded.
2024-10-02 17:27:07,946 - elsapy.elsentity - INFO - Module loaded.
2024-10-02 17:27:07,947 - elsapy.elsprofile - INFO - Module loaded.
2024-10-02 17:27:07,948 - elsapy.elsdoc - INFO - Module loaded.
2024-10-02 17:30:37,438 - elsapy.elsclient - INFO - Module loaded.
2024-10-02 17:30:38,640 - elsapy.utils - INFO - Module loaded.
2024-10-02 17:30:38,640 - elsapy.elssearch - INFO - Module loaded.
2024-10-02 17:30:38,641 - elsapy.elsentity - INFO - Module loaded.
2024-10-02 17:30:38,642 - elsapy.elsprofile - INFO - Module loaded.
2024-10-02 17:30:38,643 - elsapy.elsdoc - INFO - Module loaded.
2024-10-02 17:33:29,563 - elsapy.elsclient - INFO - Module loaded.
2024-10-02 17:33:31,651 - elsapy.utils - INFO - Module loaded.
2024-10-02 17:33:31,652 - elsapy.elssearch - INFO - Module loaded.
2024-10-02 17:33:31,659 - elsapy.elsentity - INFO - Module loaded.
2024-10-02 17:33:31,660 - elsapy.elsprofile - INFO - Module loaded.
2024-10-02 17:33:31,662 - elsapy.elsdoc - INFO - Module loaded.
2024-10-02 17:38:49,119 - elsapy.elsclient - INFO - Module loaded.
2024-10-02 17:38:51,708 - elsapy.utils - INFO - Module loaded.
2024-10-02 17:38:51,708 - elsapy.elssearch - INFO - Module loaded.
2024-10-02 17:38:51,712 - elsapy.elsentity - INFO - Module loaded.
2024-10-02 17:38:51,713 - elsapy.elsprofile - INFO - Module loaded.
2024-10-02 17:38:51,715 - elsapy.elsdoc - INFO - Module loaded.
